mode: set
pim/test/category/infrastructure/persistence/repository/category_repository_mock.go:28.58,34.2 1 0
pim/test/category/infrastructure/persistence/repository/category_repository_mock.go:37.65,41.2 3 0
pim/test/category/infrastructure/persistence/repository/category_repository_mock.go:44.62,48.2 3 0
pim/test/category/infrastructure/persistence/repository/category_repository_mock.go:51.50,56.2 4 0
pim/test/category/infrastructure/persistence/repository/category_repository_mock.go:59.53,63.2 3 0
pim/test/category/infrastructure/persistence/repository/category_repository_mock.go:66.66,70.2 3 0
pim/test/category/infrastructure/persistence/repository/category_repository_mock.go:73.81,77.38 4 0
pim/test/category/infrastructure/persistence/repository/category_repository_mock.go:77.38,88.3 1 0
pim/test/category/infrastructure/persistence/repository/category_repository_mock.go:92.69,97.40 4 0
pim/test/category/infrastructure/persistence/repository/category_repository_mock.go:97.40,99.3 1 0
pim/test/category/infrastructure/persistence/repository/category_repository_mock.go:100.2,100.19 1 0
pim/test/category/infrastructure/persistence/repository/category_repository_mock.go:104.71,106.2 1 0
pim/test/category/infrastructure/persistence/repository/category_repository_mock.go:109.68,111.2 1 0
pim/test/category/infrastructure/persistence/repository/category_repository_mock.go:114.93,120.34 4 0
pim/test/category/infrastructure/persistence/repository/category_repository_mock.go:120.34,122.3 1 0
pim/test/category/infrastructure/persistence/repository/category_repository_mock.go:124.2,124.52 1 0
pim/test/category/infrastructure/persistence/repository/category_repository_mock.go:124.52,126.3 1 0
pim/test/category/infrastructure/persistence/repository/category_repository_mock.go:129.2,139.12 2 0
pim/test/category/infrastructure/persistence/repository/category_repository_mock.go:143.99,149.36 4 0
pim/test/category/infrastructure/persistence/repository/category_repository_mock.go:149.36,151.3 1 0
pim/test/category/infrastructure/persistence/repository/category_repository_mock.go:153.2,154.13 2 0
pim/test/category/infrastructure/persistence/repository/category_repository_mock.go:154.13,156.3 1 0
pim/test/category/infrastructure/persistence/repository/category_repository_mock.go:159.2,167.8 1 0
pim/test/category/infrastructure/persistence/repository/category_repository_mock.go:171.89,177.35 4 0
pim/test/category/infrastructure/persistence/repository/category_repository_mock.go:177.35,179.3 1 0
pim/test/category/infrastructure/persistence/repository/category_repository_mock.go:181.2,182.40 2 0
pim/test/category/infrastructure/persistence/repository/category_repository_mock.go:182.40,193.3 1 0
pim/test/category/infrastructure/persistence/repository/category_repository_mock.go:195.2,195.24 1 0
pim/test/category/infrastructure/persistence/repository/category_repository_mock.go:199.93,205.34 4 0
pim/test/category/infrastructure/persistence/repository/category_repository_mock.go:205.34,207.3 1 0
pim/test/category/infrastructure/persistence/repository/category_repository_mock.go:209.2,209.53 1 0
pim/test/category/infrastructure/persistence/repository/category_repository_mock.go:209.53,211.3 1 0
pim/test/category/infrastructure/persistence/repository/category_repository_mock.go:214.2,224.12 2 0
pim/test/category/infrastructure/persistence/repository/category_repository_mock.go:228.77,234.34 4 0
pim/test/category/infrastructure/persistence/repository/category_repository_mock.go:234.34,236.3 1 0
pim/test/category/infrastructure/persistence/repository/category_repository_mock.go:238.2,238.44 1 0
pim/test/category/infrastructure/persistence/repository/category_repository_mock.go:238.44,240.3 1 0
pim/test/category/infrastructure/persistence/repository/category_repository_mock.go:242.2,244.12 2 0
pim/test/category/domain/entity/category_mother.go:15.55,26.2 2 0
pim/test/category/domain/entity/category_mother.go:29.60,33.2 3 0
pim/test/category/domain/entity/category_mother.go:36.64,40.2 3 0
pim/test/category/domain/entity/category_mother.go:43.70,48.2 4 0
pim/test/category/domain/entity/category_mother.go:51.53,55.2 3 0
pim/test/category/domain/entity/category_mother.go:58.102,61.20 3 0
pim/test/category/domain/entity/category_mother.go:61.20,63.3 1 0
pim/test/category/domain/entity/category_mother.go:65.2,66.12 2 0
pim/test/category/domain/entity/category_mother.go:66.12,68.3 1 0
pim/test/category/domain/entity/category_mother.go:70.2,78.3 1 0
pim/test/category/domain/entity/category_mother.go:82.30,84.2 1 0
pim/src/category/application/usecase/change_category_status.go:16.96,20.2 1 1
pim/src/category/application/usecase/change_category_status.go:23.107,26.16 2 1
pim/src/category/application/usecase/change_category_status.go:26.16,28.3 1 1
pim/src/category/application/usecase/change_category_status.go:31.2,31.26 1 1
pim/src/category/application/usecase/change_category_status.go:31.26,36.17 3 1
pim/src/category/application/usecase/change_category_status.go:36.17,38.4 1 1
pim/src/category/application/usecase/change_category_status.go:41.2,41.22 1 1
pim/src/category/application/usecase/change_category_status.go:45.109,48.16 2 1
pim/src/category/application/usecase/change_category_status.go:48.16,50.3 1 1
pim/src/category/application/usecase/change_category_status.go:53.2,53.25 1 1
pim/src/category/application/usecase/change_category_status.go:53.25,58.17 3 1
pim/src/category/application/usecase/change_category_status.go:58.17,60.4 1 1
pim/src/category/application/usecase/change_category_status.go:63.2,63.22 1 1
pim/src/category/application/usecase/create_category.go:17.84,21.2 1 1
pim/src/category/application/usecase/create_category.go:24.128,27.16 2 1
pim/src/category/application/usecase/create_category.go:27.16,29.3 1 1
pim/src/category/application/usecase/create_category.go:32.2,33.16 2 1
pim/src/category/application/usecase/create_category.go:33.16,35.3 1 0
pim/src/category/application/usecase/create_category.go:38.2,39.16 2 1
pim/src/category/application/usecase/create_category.go:39.16,41.3 1 1
pim/src/category/application/usecase/create_category.go:43.2,43.22 1 1
pim/src/category/application/usecase/move_category.go:21.80,25.2 1 1
pim/src/category/application/usecase/move_category.go:28.111,31.16 2 1
pim/src/category/application/usecase/move_category.go:31.16,33.3 1 1
pim/src/category/application/usecase/move_category.go:36.2,36.23 1 1
pim/src/category/application/usecase/move_category.go:36.23,38.3 1 1
pim/src/category/application/usecase/move_category.go:41.2,41.23 1 1
pim/src/category/application/usecase/move_category.go:41.23,43.17 2 1
pim/src/category/application/usecase/move_category.go:43.17,45.4 1 1
pim/src/category/application/usecase/move_category.go:54.2,54.23 1 1
pim/src/category/application/usecase/move_category.go:54.23,57.3 2 1
pim/src/category/application/usecase/move_category.go:57.8,59.3 1 1
pim/src/category/application/usecase/move_category.go:60.2,64.16 3 1
pim/src/category/application/usecase/move_category.go:64.16,66.3 1 1
pim/src/category/application/usecase/move_category.go:68.2,68.22 1 1
pim/src/category/application/usecase/update_category.go:22.84,26.2 1 1
pim/src/category/application/usecase/update_category.go:29.132,32.16 2 1
pim/src/category/application/usecase/update_category.go:32.16,34.3 1 1
pim/src/category/application/usecase/update_category.go:37.2,38.16 2 1
pim/src/category/application/usecase/update_category.go:38.16,40.3 1 1
pim/src/category/application/usecase/update_category.go:43.2,50.16 5 1
pim/src/category/application/usecase/update_category.go:50.16,52.3 1 1
pim/src/category/application/usecase/update_category.go:54.2,54.22 1 1
pim/src/category/domain/entity/category.go:25.73,26.16 1 1
pim/src/category/domain/entity/category.go:26.16,28.3 1 0
pim/src/category/domain/entity/category.go:30.2,39.8 2 1
pim/src/category/domain/entity/category.go:43.69,44.16 1 0
pim/src/category/domain/entity/category.go:44.16,46.3 1 0
pim/src/category/domain/entity/category.go:48.2,50.20 3 0
pim/src/category/domain/entity/category.go:50.20,52.3 1 0
pim/src/category/domain/entity/category.go:52.8,54.3 1 0
pim/src/category/domain/entity/category.go:55.2,56.12 2 0
pim/src/category/domain/entity/category.go:60.31,63.2 2 1
pim/src/category/domain/entity/category.go:66.33,69.2 2 1
pim/src/category/domain/entity/category.go:72.36,74.2 1 1
pim/src/category/domain/entity/category.go:77.37,79.2 1 0
pim/src/category/domain/value_object/name.go:20.43,24.17 2 1
pim/src/category/domain/value_object/name.go:24.17,26.3 1 1
pim/src/category/domain/value_object/name.go:28.2,28.22 1 1
pim/src/category/domain/value_object/name.go:28.22,30.3 1 0
pim/src/category/domain/value_object/name.go:32.2,32.33 1 1
pim/src/category/domain/value_object/name.go:36.31,38.2 1 1
pim/src/category/domain/value_object/name.go:41.41,42.18 1 0
pim/src/category/domain/value_object/name.go:42.18,44.3 1 0
pim/src/category/domain/value_object/name.go:45.2,45.31 1 0
pim/test/category/domain/entity/category_mother.go:15.55,26.2 2 1
pim/test/category/domain/entity/category_mother.go:29.60,33.2 3 1
pim/test/category/domain/entity/category_mother.go:36.64,40.2 3 1
pim/test/category/domain/entity/category_mother.go:43.70,48.2 4 1
pim/test/category/domain/entity/category_mother.go:51.53,55.2 3 1
pim/test/category/domain/entity/category_mother.go:58.102,61.20 3 0
pim/test/category/domain/entity/category_mother.go:61.20,63.3 1 0
pim/test/category/domain/entity/category_mother.go:65.2,66.12 2 0
pim/test/category/domain/entity/category_mother.go:66.12,68.3 1 0
pim/test/category/domain/entity/category_mother.go:70.2,78.3 1 0
pim/test/category/domain/entity/category_mother.go:82.30,84.2 1 0
pim/test/category/infrastructure/persistence/repository/category_repository_mock.go:28.58,34.2 1 1
pim/test/category/infrastructure/persistence/repository/category_repository_mock.go:37.65,41.2 3 0
pim/test/category/infrastructure/persistence/repository/category_repository_mock.go:44.62,48.2 3 1
pim/test/category/infrastructure/persistence/repository/category_repository_mock.go:51.50,56.2 4 1
pim/test/category/infrastructure/persistence/repository/category_repository_mock.go:59.53,63.2 3 1
pim/test/category/infrastructure/persistence/repository/category_repository_mock.go:66.66,70.2 3 1
pim/test/category/infrastructure/persistence/repository/category_repository_mock.go:73.81,77.38 4 1
pim/test/category/infrastructure/persistence/repository/category_repository_mock.go:77.38,88.3 1 1
pim/test/category/infrastructure/persistence/repository/category_repository_mock.go:92.69,97.40 4 1
pim/test/category/infrastructure/persistence/repository/category_repository_mock.go:97.40,99.3 1 1
pim/test/category/infrastructure/persistence/repository/category_repository_mock.go:100.2,100.19 1 1
pim/test/category/infrastructure/persistence/repository/category_repository_mock.go:104.71,106.2 1 1
pim/test/category/infrastructure/persistence/repository/category_repository_mock.go:109.68,111.2 1 1
pim/test/category/infrastructure/persistence/repository/category_repository_mock.go:114.93,120.34 4 1
pim/test/category/infrastructure/persistence/repository/category_repository_mock.go:120.34,122.3 1 1
pim/test/category/infrastructure/persistence/repository/category_repository_mock.go:124.2,124.52 1 1
pim/test/category/infrastructure/persistence/repository/category_repository_mock.go:124.52,126.3 1 0
pim/test/category/infrastructure/persistence/repository/category_repository_mock.go:129.2,139.12 2 1
pim/test/category/infrastructure/persistence/repository/category_repository_mock.go:143.99,149.36 4 1
pim/test/category/infrastructure/persistence/repository/category_repository_mock.go:149.36,151.3 1 0
pim/test/category/infrastructure/persistence/repository/category_repository_mock.go:153.2,154.13 2 1
pim/test/category/infrastructure/persistence/repository/category_repository_mock.go:154.13,156.3 1 1
pim/test/category/infrastructure/persistence/repository/category_repository_mock.go:159.2,167.8 1 1
pim/test/category/infrastructure/persistence/repository/category_repository_mock.go:171.89,177.35 4 0
pim/test/category/infrastructure/persistence/repository/category_repository_mock.go:177.35,179.3 1 0
pim/test/category/infrastructure/persistence/repository/category_repository_mock.go:181.2,182.40 2 0
pim/test/category/infrastructure/persistence/repository/category_repository_mock.go:182.40,193.3 1 0
pim/test/category/infrastructure/persistence/repository/category_repository_mock.go:195.2,195.24 1 0
pim/test/category/infrastructure/persistence/repository/category_repository_mock.go:199.93,205.34 4 1
pim/test/category/infrastructure/persistence/repository/category_repository_mock.go:205.34,207.3 1 1
pim/test/category/infrastructure/persistence/repository/category_repository_mock.go:209.2,209.53 1 1
pim/test/category/infrastructure/persistence/repository/category_repository_mock.go:209.53,211.3 1 0
pim/test/category/infrastructure/persistence/repository/category_repository_mock.go:214.2,224.12 2 1
pim/test/category/infrastructure/persistence/repository/category_repository_mock.go:228.77,234.34 4 0
pim/test/category/infrastructure/persistence/repository/category_repository_mock.go:234.34,236.3 1 0
pim/test/category/infrastructure/persistence/repository/category_repository_mock.go:238.2,238.44 1 0
pim/test/category/infrastructure/persistence/repository/category_repository_mock.go:238.44,240.3 1 0
pim/test/category/infrastructure/persistence/repository/category_repository_mock.go:242.2,244.12 2 0
